<?xml version="1.0" encoding="UTF-8" ?>
<testsuite errors="1" failures="0" hostname="kevinche-pc" name="PointTest" skipped="0" tests="1" time="0.0" timestamp="2020-05-07T21:42:12">
  <properties>
    <property name="java.vendor" value="Oracle Corporation" />
    <property name="sun.java.launcher" value="SUN_STANDARD" />
    <property name="sun.management.compiler" value="HotSpot 64-Bit Tiered Compilers" />
    <property name="dist" value="dist" />
    <property name="lib" value="lib" />
    <property name="production.test" value="production/test" />
    <property name="os.name" value="Linux" />
    <property name="commit.name" value="commit" />
    <property name="sun.boot.class.path" value="/usr/lib/jvm/java-8-openjdk/jre/lib/resources.jar:/usr/lib/jvm/java-8-openjdk/jre/lib/rt.jar:/usr/lib/jvm/java-8-openjdk/jre/lib/sunrsasign.jar:/usr/lib/jvm/java-8-openjdk/jre/lib/jsse.jar:/usr/lib/jvm/java-8-openjdk/jre/lib/jce.jar:/usr/lib/jvm/java-8-openjdk/jre/lib/charsets.jar:/usr/lib/jvm/java-8-openjdk/jre/lib/jfr.jar:/usr/lib/jvm/java-8-openjdk/jre/classes" />
    <property name="java.vm.specification.vendor" value="Oracle Corporation" />
    <property name="manifest" value="cache/MANIFEST.MF" />
    <property name="web.content" value="web" />
    <property name="ant.home" value="/usr/share/ant" />
    <property name="java.runtime.version" value="1.8.0_242-b08" />
    <property name="user.name" value="kevinche" />
    <property name="user.language" value="ru" />
    <property name="build" value="build" />
    <property name="sun.boot.library.path" value="/usr/lib/jvm/java-8-openjdk/jre/lib/amd64" />
    <property name="ant.project.default-target" value="compile" />
    <property name="ant.project.name" value="Lab3" />
    <property name="java.version" value="1.8.0_242" />
    <property name="user.timezone" value="" />
    <property name="sun.arch.data.model" value="64" />
    <property name="java.endorsed.dirs" value="/usr/lib/jvm/java-8-openjdk/jre/lib/endorsed" />
    <property name="doc" value="doc" />
    <property name="src.main" value="src/main" />
    <property name="sun.cpu.isalist" value="" />
    <property name="sun.jnu.encoding" value="UTF-8" />
    <property name="file.encoding.pkg" value="sun.io" />
    <property name="file.separator" value="/" />
    <property name="java.specification.name" value="Java Platform API Specification" />
    <property name="cache" value="cache" />
    <property name="java.class.version" value="52.0" />
    <property name="src" value="src" />
    <property name="user.country" value="RU" />
    <property name="java.home" value="/usr/lib/jvm/java-8-openjdk/jre" />
    <property name="production" value="production" />
    <property name="java.vm.info" value="mixed mode" />
    <property name="ant.file" value="/home/kevinche/IdeaProjects/WEB3/build.xml" />
    <property name="os.version" value="5.4.36-1-MANJARO" />
    <property name="path.separator" value=":" />
    <property name="java.vm.version" value="25.242-b08" />
    <property name="ant.library.dir" value="/usr/share/ant/lib" />
    <property name="java.awt.printerjob" value="sun.print.PSPrinterJob" />
    <property name="sun.io.unicode.encoding" value="UnicodeLittle" />
    <property name="awt.toolkit" value="sun.awt.X11.XToolkit" />
    <property name="user.home" value="/home/kevinche" />
    <property name="git.ignor" value="src/main/HibernateUtil.java src/main/ModelBean.java" />
    <property name="java.specification.vendor" value="Oracle Corporation" />
    <property name="java.library.path" value="/usr/java/packages/lib/amd64:/usr/lib64:/lib64:/lib:/usr/lib" />
    <property name="java.vendor.url" value="http://java.oracle.com/" />
    <property name="java.vm.vendor" value="Oracle Corporation" />
    <property name="java.runtime.name" value="OpenJDK Runtime Environment" />
    <property name="sun.java.command" value="org.apache.tools.ant.launch.Launcher -cp  test" />
    <property name="java.class.path" value="/usr/share/ant/lib/ant-launcher.jar:/usr/share/java/junit.jar:/usr/share/java/hamcrest-core.jar:/usr/share/ant/lib/ant-jmf.jar:/usr/share/ant/lib/ant-commons-logging.jar:/usr/share/ant/lib/ant-netrexx.jar:/usr/share/ant/lib/ant-junit.jar:/usr/share/ant/lib/ant-jsch.jar:/usr/share/ant/lib/ant-testutil.jar:/usr/share/ant/lib/ant-xz.jar:/usr/share/ant/lib/ant-launcher.jar:/usr/share/ant/lib/ant-junit4.jar:/usr/share/ant/lib/ant-junitlauncher.jar:/usr/share/ant/lib/ant-apache-oro.jar:/usr/share/ant/lib/ant-jai.jar:/usr/share/ant/lib/ant-apache-resolver.jar:/usr/share/ant/lib/ant.jar:/usr/share/ant/lib/ant-apache-regexp.jar:/usr/share/ant/lib/ant-apache-log4j.jar:/usr/share/ant/lib/ant-apache-bsf.jar:/usr/share/ant/lib/ant-apache-bcel.jar:/usr/share/ant/lib/ant-javamail.jar:/usr/share/ant/lib/ant-apache-xalan2.jar:/usr/share/ant/lib/ant-swing.jar:/usr/share/ant/lib/ant-jdepend.jar:/usr/share/ant/lib/ant-commons-net.jar:/usr/share/ant/lib/ant-antlr.jar:/usr/share/ant/lib/ant-imageio.jar:/usr/lib/jvm/java-8-openjdk/lib/tools.jar" />
    <property name="production.main" value="production/main" />
    <property name="ant.version" value="Apache Ant(TM) version 1.10.7 compiled on September 10 2019" />
    <property name="project.name" value="lab3" />
    <property name="java.vm.specification.name" value="Java Virtual Machine Specification" />
    <property name="ant.file.type" value="file" />
    <property name="java.vm.specification.version" value="1.8" />
    <property name="build.classes" value="build/WEB-INF/classes" />
    <property name="sun.cpu.endian" value="little" />
    <property name="sun.os.patch.level" value="unknown" />
    <property name="build.version" value="6" />
    <property name="src.test" value="src/test" />
    <property name="java.io.tmpdir" value="/tmp" />
    <property name="java.vendor.url.bug" value="http://bugreport.sun.com/bugreport/" />
    <property name="os.arch" value="amd64" />
    <property name="java.awt.graphicsenv" value="sun.awt.X11GraphicsEnvironment" />
    <property name="java.ext.dirs" value="/usr/lib/jvm/java-8-openjdk/jre/lib/ext:/usr/java/packages/lib/ext" />
    <property name="user.dir" value="/home/kevinche/IdeaProjects/WEB3" />
    <property name="line.separator" value="&#xa;" />
    <property name="java.vm.name" value="OpenJDK 64-Bit Server VM" />
    <property name="basedir" value="/home/kevinche/IdeaProjects/WEB3" />
    <property name="ant.java.version" value="1.8" />
    <property name="ant.core.lib" value="/usr/share/ant/lib/ant.jar" />
    <property name="file.encoding" value="UTF-8" />
    <property name="ant.file.Lab3" value="/home/kevinche/IdeaProjects/WEB3/build.xml" />
    <property name="java.specification.version" value="1.8" />
    <property name="ant.file.type.Lab3" value="file" />
    <property name="ant.project.invoked-targets" value="test" />
  </properties>
  <error message="PointTest (wrong name: test/PointTest)" type="java.lang.NoClassDefFoundError">java.lang.NoClassDefFoundError: PointTest (wrong name: test/PointTest)
	at java.lang.ClassLoader.defineClass1(Native Method)
	at java.lang.ClassLoader.defineClass(ClassLoader.java:757)
	at java.lang.ClassLoader.loadClass(ClassLoader.java:352)
	at java.lang.Class.forName0(Native Method)
	at java.lang.Class.forName(Class.java:348)
</error>
  <system-out><![CDATA[]]></system-out>
  <system-err><![CDATA[]]></system-err>
</testsuite>
